2025-07-06 02:20:18,126 - INFO - HTTP Request: GET https://epydvdcmmupwhpoqmvvj.supabase.co/rest/v1/transactions?select=%2A&type=eq.expense&order=tarih.desc "HTTP/2 200 OK"
2025-07-12 01:03:30,675 - INFO - Güncelleme kontrolü baþlatýldý
2025-07-12 01:03:31,551 - INFO - HTTP Request: GET https://epydvdcmmupwhpoqmvvj.supabase.co/rest/v1/version_control?select=%2A&order=created_at.desc&limit=1 "HTTP/2 200 OK"
2025-07-12 01:03:43,952 - INFO - HTTP Request: GET https://epydvdcmmupwhpoqmvvj.supabase.co/rest/v1/users?select=%2A&username=eq.admin "HTTP/2 200 OK"
2025-07-12 01:03:55,111 - INFO - HTTP Request: GET https://epydvdcmmupwhpoqmvvj.supabase.co/rest/v1/users?select=%2A&username=eq.admin "HTTP/2 200 OK"
2025-07-12 01:03:56,845 - INFO - HTTP Request: GET https://epydvdcmmupwhpoqmvvj.supabase.co/rest/v1/users?select=%2A&username=eq.admin "HTTP/2 200 OK"
2025-07-12 01:05:56,255 - INFO - Güncelleme kontrolü baþlatýldý
2025-07-12 01:05:57,011 - INFO - HTTP Request: GET https://epydvdcmmupwhpoqmvvj.supabase.co/rest/v1/version_control?select=%2A&order=created_at.desc&limit=1 "HTTP/2 200 OK"
2025-07-12 01:06:06,299 - INFO - HTTP Request: GET https://epydvdcmmupwhpoqmvvj.supabase.co/rest/v1/users?select=%2A&username=eq.admin "HTTP/2 200 OK"
2025-07-12 01:06:07,677 - INFO - HTTP Request: GET https://epydvdcmmupwhpoqmvvj.supabase.co/rest/v1/users?select=%2A&username=eq.admin "HTTP/2 200 OK"
2025-07-12 01:06:08,365 - INFO - HTTP Request: GET https://epydvdcmmupwhpoqmvvj.supabase.co/rest/v1/users?select=%2A&username=eq.admin "HTTP/2 200 OK"
2025-07-12 01:06:08,762 - INFO - HTTP Request: GET https://epydvdcmmupwhpoqmvvj.supabase.co/rest/v1/users?select=%2A&username=eq.admin "HTTP/2 200 OK"
2025-07-12 01:08:40,936 - INFO - Güncelleme kontrolü baþlatýldý
2025-07-12 01:08:41,564 - INFO - HTTP Request: GET https://epydvdcmmupwhpoqmvvj.supabase.co/rest/v1/version_control?select=%2A&order=created_at.desc&limit=1 "HTTP/2 200 OK"
2025-07-12 01:08:47,165 - INFO - HTTP Request: GET https://epydvdcmmupwhpoqmvvj.supabase.co/rest/v1/users?select=%2A&username=eq.admin "HTTP/2 200 OK"
2025-07-12 01:08:49,561 - INFO - HTTP Request: GET https://epydvdcmmupwhpoqmvvj.supabase.co/rest/v1/users?select=%2A&username=eq.admin "HTTP/2 200 OK"
2025-07-12 01:08:50,117 - INFO - HTTP Request: GET https://epydvdcmmupwhpoqmvvj.supabase.co/rest/v1/users?select=%2A&username=eq.admin "HTTP/2 200 OK"
2025-07-12 01:08:51,097 - INFO - HTTP Request: GET https://epydvdcmmupwhpoqmvvj.supabase.co/rest/v1/users?select=%2A&username=eq.admin "HTTP/2 200 OK"
2025-07-12 01:08:52,245 - INFO - HTTP Request: GET https://epydvdcmmupwhpoqmvvj.supabase.co/rest/v1/users?select=%2A&username=eq.admin "HTTP/2 200 OK"
2025-07-12 01:08:52,713 - INFO - HTTP Request: GET https://epydvdcmmupwhpoqmvvj.supabase.co/rest/v1/users?select=%2A&username=eq.admin "HTTP/2 200 OK"
2025-07-12 01:08:55,730 - INFO - HTTP Request: GET https://epydvdcmmupwhpoqmvvj.supabase.co/rest/v1/users?select=%2A&username=eq.admin "HTTP/2 200 OK"
2025-07-12 01:08:56,047 - INFO - HTTP Request: GET https://epydvdcmmupwhpoqmvvj.supabase.co/rest/v1/users?select=%2A&username=eq.admin "HTTP/2 200 OK"
2025-07-12 01:28:35,245 - INFO - Güncelleme kontrolü baþlatýldý
2025-07-12 01:28:36,063 - INFO - HTTP Request: GET https://epydvdcmmupwhpoqmvvj.supabase.co/rest/v1/version_control?select=%2A&order=created_at.desc&limit=1 "HTTP/2 200 OK"
2025-07-12 01:28:36,162 - CRITICAL - Uygulama baþlatma hatasý: 'LoginWindow' object has no attribute 'login_successful'
Traceback (most recent call last):
  File "c:\Users\ufuki\OneDrive\Desktop\ERP_Project\main.py", line 58, in run
    self.login_window.login_successful.connect(self.show_main_window)
    ^^^^^^^^^^^^^^^^^^^^^^^^^^^^^^^^^^
AttributeError: 'LoginWindow' object has no attribute 'login_successful'
2025-07-12 01:33:53,390 - INFO - Güncelleme kontrolü baþlatýldý
2025-07-12 01:33:54,115 - INFO - HTTP Request: GET https://epydvdcmmupwhpoqmvvj.supabase.co/rest/v1/version_control?select=%2A&order=created_at.desc&limit=1 "HTTP/2 200 OK"
2025-07-12 01:34:01,305 - INFO - HTTP Request: GET https://epydvdcmmupwhpoqmvvj.supabase.co/rest/v1/users?select=%2A&username=eq.admin "HTTP/2 200 OK"
2025-07-12 01:43:20,207 - INFO - Güncelleme kontrolü baþlatýldý
2025-07-12 01:43:21,043 - INFO - HTTP Request: GET https://epydvdcmmupwhpoqmvvj.supabase.co/rest/v1/version_control?select=%2A&order=created_at.desc&limit=1 "HTTP/2 200 OK"
2025-07-12 01:43:27,344 - INFO - HTTP Request: GET https://epydvdcmmupwhpoqmvvj.supabase.co/rest/v1/users?select=%2A&username=eq.admin "HTTP/2 200 OK"
2025-07-12 01:43:27,840 - INFO - HTTP Request: GET https://epydvdcmmupwhpoqmvvj.supabase.co/rest/v1/transactions?select=%2A&type=eq.expense&aktif=eq.True&tarih=gte.2025-06-12&tarih=lte.2025-07-12&order=tarih.desc "HTTP/2 200 OK"
2025-07-12 01:43:27,921 - INFO - HTTP Request: GET https://epydvdcmmupwhpoqmvvj.supabase.co/rest/v1/transactions?select=%2A&type=eq.income&aktif=eq.True&tarih=gte.2025-06-12&tarih=lte.2025-07-12&order=tarih.desc "HTTP/2 200 OK"
2025-07-12 01:43:28,134 - INFO - HTTP Request: GET https://epydvdcmmupwhpoqmvvj.supabase.co/rest/v1/transactions?select=%2A&type=eq.expense&aktif=eq.True&tarih=gte.2025-06-12&tarih=lte.2025-07-12&order=tarih.desc "HTTP/2 200 OK"
2025-07-12 01:43:28,317 - INFO - HTTP Request: GET https://epydvdcmmupwhpoqmvvj.supabase.co/rest/v1/transactions?select=%2A&type=eq.income&aktif=eq.True&tarih=gte.2025-06-12&tarih=lte.2025-07-12&order=tarih.desc "HTTP/2 200 OK"
2025-07-12 01:43:28,511 - INFO - HTTP Request: GET https://epydvdcmmupwhpoqmvvj.supabase.co/rest/v1/transactions?select=%2A&type=eq.expense&aktif=eq.True&tarih=gte.2025-06-12&tarih=lte.2025-07-12&order=tarih.desc "HTTP/2 200 OK"
2025-07-12 01:43:28,585 - INFO - HTTP Request: GET https://epydvdcmmupwhpoqmvvj.supabase.co/rest/v1/transactions?select=%2A&type=eq.income&aktif=eq.True&tarih=gte.2025-06-12&tarih=lte.2025-07-12&order=tarih.desc "HTTP/2 200 OK"
2025-07-12 01:43:28,773 - INFO - HTTP Request: GET https://epydvdcmmupwhpoqmvvj.supabase.co/rest/v1/transactions?select=%2A&type=eq.expense&aktif=eq.True&tarih=gte.2025-06-12&tarih=lte.2025-07-12&order=tarih.desc "HTTP/2 200 OK"
2025-07-12 01:43:28,850 - INFO - HTTP Request: GET https://epydvdcmmupwhpoqmvvj.supabase.co/rest/v1/transactions?select=%2A&type=eq.income&aktif=eq.True&tarih=gte.2025-06-12&tarih=lte.2025-07-12&order=tarih.desc "HTTP/2 200 OK"
2025-07-12 01:43:29,036 - INFO - HTTP Request: GET https://epydvdcmmupwhpoqmvvj.supabase.co/rest/v1/transactions?select=%2A&type=eq.expense&aktif=eq.True&tarih=gte.2025-06-12&tarih=lte.2025-07-12&order=tarih.desc "HTTP/2 200 OK"
2025-07-12 01:43:29,111 - INFO - HTTP Request: GET https://epydvdcmmupwhpoqmvvj.supabase.co/rest/v1/transactions?select=%2A&type=eq.income&aktif=eq.True&tarih=gte.2025-06-12&tarih=lte.2025-07-12&order=tarih.desc "HTTP/2 200 OK"
2025-07-12 01:43:29,294 - INFO - HTTP Request: GET https://epydvdcmmupwhpoqmvvj.supabase.co/rest/v1/transactions?select=%2A&type=eq.expense&aktif=eq.True&tarih=gte.2025-06-12&tarih=lte.2025-07-12&order=tarih.desc "HTTP/2 200 OK"
2025-07-12 01:43:29,390 - INFO - HTTP Request: GET https://epydvdcmmupwhpoqmvvj.supabase.co/rest/v1/transactions?select=%2A&type=eq.income&aktif=eq.True&tarih=gte.2025-06-12&tarih=lte.2025-07-12&order=tarih.desc "HTTP/2 200 OK"
2025-07-12 01:43:29,563 - INFO - HTTP Request: GET https://epydvdcmmupwhpoqmvvj.supabase.co/rest/v1/stock_table?select=%2A&order=urun_adi.asc "HTTP/2 200 OK"
2025-07-12 01:43:29,810 - INFO - HTTP Request: GET https://epydvdcmmupwhpoqmvvj.supabase.co/rest/v1/daily_orders?select=%2A&order_date=eq.2025-07-12 "HTTP/2 200 OK"
2025-07-12 01:43:30,733 - INFO - HTTP Request: GET https://epydvdcmmupwhpoqmvvj.supabase.co/rest/v1/transactions?select=%2A&type=eq.income&aktif=eq.True&order=tarih.desc "HTTP/2 200 OK"
2025-07-12 01:43:31,515 - INFO - HTTP Request: GET https://epydvdcmmupwhpoqmvvj.supabase.co/rest/v1/transactions?select=%2A&type=eq.expense&aktif=eq.True&order=tarih.desc "HTTP/2 200 OK"
2025-07-12 01:43:31,723 - INFO - HTTP Request: GET https://epydvdcmmupwhpoqmvvj.supabase.co/rest/v1/passwords?select=%2A "HTTP/2 200 OK"
2025-07-12 01:43:31,886 - INFO - HTTP Request: GET https://epydvdcmmupwhpoqmvvj.supabase.co/rest/v1/contacts?select=%2A&order=created_at.desc "HTTP/2 200 OK"
2025-07-12 01:43:31,994 - INFO - HTTP Request: GET https://epydvdcmmupwhpoqmvvj.supabase.co/rest/v1/imports?select=%2A "HTTP/2 200 OK"
2025-07-12 01:43:32,210 - INFO - HTTP Request: GET https://epydvdcmmupwhpoqmvvj.supabase.co/rest/v1/transactions?select=%2A&type=eq.expense&aktif=eq.True&tarih=gte.2025-06-12&tarih=lte.2025-07-12&order=tarih.desc "HTTP/2 200 OK"
2025-07-12 01:43:32,292 - INFO - HTTP Request: GET https://epydvdcmmupwhpoqmvvj.supabase.co/rest/v1/transactions?select=%2A&type=eq.income&aktif=eq.True&tarih=gte.2025-06-12&tarih=lte.2025-07-12&order=tarih.desc "HTTP/2 200 OK"
2025-07-12 01:43:32,367 - INFO - HTTP Request: GET https://epydvdcmmupwhpoqmvvj.supabase.co/rest/v1/transactions?select=%2A&type=eq.expense&aktif=eq.True&tarih=gte.2025-06-12&tarih=lte.2025-07-12&order=tarih.desc "HTTP/2 200 OK"
2025-07-12 01:43:32,445 - INFO - HTTP Request: GET https://epydvdcmmupwhpoqmvvj.supabase.co/rest/v1/transactions?select=%2A&type=eq.income&aktif=eq.True&tarih=gte.2025-06-12&tarih=lte.2025-07-12&order=tarih.desc "HTTP/2 200 OK"
2025-07-12 01:43:32,519 - INFO - HTTP Request: GET https://epydvdcmmupwhpoqmvvj.supabase.co/rest/v1/transactions?select=%2A&type=eq.expense&aktif=eq.True&tarih=gte.2025-06-12&tarih=lte.2025-07-12&order=tarih.desc "HTTP/2 200 OK"
2025-07-12 01:43:32,597 - INFO - HTTP Request: GET https://epydvdcmmupwhpoqmvvj.supabase.co/rest/v1/transactions?select=%2A&type=eq.income&aktif=eq.True&tarih=gte.2025-06-12&tarih=lte.2025-07-12&order=tarih.desc "HTTP/2 200 OK"
2025-07-12 01:43:32,675 - INFO - HTTP Request: GET https://epydvdcmmupwhpoqmvvj.supabase.co/rest/v1/transactions?select=%2A&type=eq.expense&aktif=eq.True&tarih=gte.2025-06-12&tarih=lte.2025-07-12&order=tarih.desc "HTTP/2 200 OK"
2025-07-12 01:43:32,748 - INFO - HTTP Request: GET https://epydvdcmmupwhpoqmvvj.supabase.co/rest/v1/transactions?select=%2A&type=eq.income&aktif=eq.True&tarih=gte.2025-06-12&tarih=lte.2025-07-12&order=tarih.desc "HTTP/2 200 OK"
2025-07-12 01:43:32,825 - INFO - HTTP Request: GET https://epydvdcmmupwhpoqmvvj.supabase.co/rest/v1/transactions?select=%2A&type=eq.expense&aktif=eq.True&tarih=gte.2025-06-12&tarih=lte.2025-07-12&order=tarih.desc "HTTP/2 200 OK"
2025-07-12 01:43:32,910 - INFO - HTTP Request: GET https://epydvdcmmupwhpoqmvvj.supabase.co/rest/v1/transactions?select=%2A&type=eq.income&aktif=eq.True&tarih=gte.2025-06-12&tarih=lte.2025-07-12&order=tarih.desc "HTTP/2 200 OK"
2025-07-12 01:43:32,985 - INFO - HTTP Request: GET https://epydvdcmmupwhpoqmvvj.supabase.co/rest/v1/transactions?select=%2A&type=eq.expense&aktif=eq.True&tarih=gte.2025-06-12&tarih=lte.2025-07-12&order=tarih.desc "HTTP/2 200 OK"
2025-07-12 01:43:33,073 - INFO - HTTP Request: GET https://epydvdcmmupwhpoqmvvj.supabase.co/rest/v1/transactions?select=%2A&type=eq.income&aktif=eq.True&tarih=gte.2025-06-12&tarih=lte.2025-07-12&order=tarih.desc "HTTP/2 200 OK"
2025-07-12 02:06:56,663 - INFO - Güncelleme kontrolü baþlatýldý
2025-07-12 02:06:57,415 - INFO - HTTP Request: GET https://epydvdcmmupwhpoqmvvj.supabase.co/rest/v1/version_control?select=%2A&order=created_at.desc&limit=1 "HTTP/2 200 OK"
2025-07-12 02:07:50,502 - INFO - Güncelleme kontrolü baþlatýldý
2025-07-12 02:07:50,967 - INFO - HTTP Request: GET https://epydvdcmmupwhpoqmvvj.supabase.co/rest/v1/version_control?select=%2A&order=created_at.desc&limit=1 "HTTP/2 200 OK"
2025-07-12 02:07:56,698 - INFO - HTTP Request: GET https://epydvdcmmupwhpoqmvvj.supabase.co/rest/v1/users?select=%2A&username=eq.admin "HTTP/2 200 OK"
2025-07-12 02:07:57,117 - INFO - HTTP Request: GET https://epydvdcmmupwhpoqmvvj.supabase.co/rest/v1/transactions?select=%2A&type=eq.expense&aktif=eq.True&tarih=gte.2025-06-12&tarih=lte.2025-07-12&order=tarih.desc "HTTP/2 200 OK"
2025-07-12 02:07:57,195 - INFO - HTTP Request: GET https://epydvdcmmupwhpoqmvvj.supabase.co/rest/v1/transactions?select=%2A&type=eq.income&aktif=eq.True&tarih=gte.2025-06-12&tarih=lte.2025-07-12&order=tarih.desc "HTTP/2 200 OK"
2025-07-12 02:07:57,415 - INFO - HTTP Request: GET https://epydvdcmmupwhpoqmvvj.supabase.co/rest/v1/transactions?select=%2A&type=eq.expense&aktif=eq.True&tarih=gte.2025-06-12&tarih=lte.2025-07-12&order=tarih.desc "HTTP/2 200 OK"
2025-07-12 02:07:57,490 - INFO - HTTP Request: GET https://epydvdcmmupwhpoqmvvj.supabase.co/rest/v1/transactions?select=%2A&type=eq.income&aktif=eq.True&tarih=gte.2025-06-12&tarih=lte.2025-07-12&order=tarih.desc "HTTP/2 200 OK"
2025-07-12 02:07:57,666 - INFO - HTTP Request: GET https://epydvdcmmupwhpoqmvvj.supabase.co/rest/v1/transactions?select=%2A&type=eq.expense&aktif=eq.True&tarih=gte.2025-06-12&tarih=lte.2025-07-12&order=tarih.desc "HTTP/2 200 OK"
2025-07-12 02:07:57,744 - INFO - HTTP Request: GET https://epydvdcmmupwhpoqmvvj.supabase.co/rest/v1/transactions?select=%2A&type=eq.income&aktif=eq.True&tarih=gte.2025-06-12&tarih=lte.2025-07-12&order=tarih.desc "HTTP/2 200 OK"
2025-07-12 02:07:57,918 - INFO - HTTP Request: GET https://epydvdcmmupwhpoqmvvj.supabase.co/rest/v1/transactions?select=%2A&type=eq.expense&aktif=eq.True&tarih=gte.2025-06-12&tarih=lte.2025-07-12&order=tarih.desc "HTTP/2 200 OK"
2025-07-12 02:07:57,995 - INFO - HTTP Request: GET https://epydvdcmmupwhpoqmvvj.supabase.co/rest/v1/transactions?select=%2A&type=eq.income&aktif=eq.True&tarih=gte.2025-06-12&tarih=lte.2025-07-12&order=tarih.desc "HTTP/2 200 OK"
2025-07-12 02:07:58,168 - INFO - HTTP Request: GET https://epydvdcmmupwhpoqmvvj.supabase.co/rest/v1/transactions?select=%2A&type=eq.expense&aktif=eq.True&tarih=gte.2025-06-12&tarih=lte.2025-07-12&order=tarih.desc "HTTP/2 200 OK"
2025-07-12 02:07:58,244 - INFO - HTTP Request: GET https://epydvdcmmupwhpoqmvvj.supabase.co/rest/v1/transactions?select=%2A&type=eq.income&aktif=eq.True&tarih=gte.2025-06-12&tarih=lte.2025-07-12&order=tarih.desc "HTTP/2 200 OK"
2025-07-12 02:07:58,421 - INFO - HTTP Request: GET https://epydvdcmmupwhpoqmvvj.supabase.co/rest/v1/transactions?select=%2A&type=eq.expense&aktif=eq.True&tarih=gte.2025-06-12&tarih=lte.2025-07-12&order=tarih.desc "HTTP/2 200 OK"
2025-07-12 02:07:58,496 - INFO - HTTP Request: GET https://epydvdcmmupwhpoqmvvj.supabase.co/rest/v1/transactions?select=%2A&type=eq.income&aktif=eq.True&tarih=gte.2025-06-12&tarih=lte.2025-07-12&order=tarih.desc "HTTP/2 200 OK"
2025-07-12 02:07:58,660 - INFO - HTTP Request: GET https://epydvdcmmupwhpoqmvvj.supabase.co/rest/v1/stock_table?select=%2A&order=urun_adi.asc "HTTP/2 200 OK"
2025-07-12 02:07:58,855 - INFO - HTTP Request: GET https://epydvdcmmupwhpoqmvvj.supabase.co/rest/v1/daily_orders?select=%2A&order_date=eq.2025-07-12 "HTTP/2 200 OK"
2025-07-12 02:07:59,650 - INFO - HTTP Request: GET https://epydvdcmmupwhpoqmvvj.supabase.co/rest/v1/transactions?select=%2A&type=eq.income&aktif=eq.True&order=tarih.desc "HTTP/2 200 OK"
2025-07-12 02:08:00,481 - INFO - HTTP Request: GET https://epydvdcmmupwhpoqmvvj.supabase.co/rest/v1/transactions?select=%2A&type=eq.expense&aktif=eq.True&order=tarih.desc "HTTP/2 200 OK"
2025-07-12 02:08:00,691 - INFO - HTTP Request: GET https://epydvdcmmupwhpoqmvvj.supabase.co/rest/v1/passwords?select=%2A "HTTP/2 200 OK"
2025-07-12 02:08:00,850 - INFO - HTTP Request: GET https://epydvdcmmupwhpoqmvvj.supabase.co/rest/v1/contacts?select=%2A&order=created_at.desc "HTTP/2 200 OK"
2025-07-12 02:08:00,965 - INFO - HTTP Request: GET https://epydvdcmmupwhpoqmvvj.supabase.co/rest/v1/imports?select=%2A "HTTP/2 200 OK"
2025-07-12 02:08:01,181 - INFO - HTTP Request: GET https://epydvdcmmupwhpoqmvvj.supabase.co/rest/v1/transactions?select=%2A&type=eq.expense&aktif=eq.True&tarih=gte.2025-06-12&tarih=lte.2025-07-12&order=tarih.desc "HTTP/2 200 OK"
2025-07-12 02:08:01,259 - INFO - HTTP Request: GET https://epydvdcmmupwhpoqmvvj.supabase.co/rest/v1/transactions?select=%2A&type=eq.income&aktif=eq.True&tarih=gte.2025-06-12&tarih=lte.2025-07-12&order=tarih.desc "HTTP/2 200 OK"
2025-07-12 02:08:01,347 - INFO - HTTP Request: GET https://epydvdcmmupwhpoqmvvj.supabase.co/rest/v1/transactions?select=%2A&type=eq.expense&aktif=eq.True&tarih=gte.2025-06-12&tarih=lte.2025-07-12&order=tarih.desc "HTTP/2 200 OK"
2025-07-12 02:08:01,425 - INFO - HTTP Request: GET https://epydvdcmmupwhpoqmvvj.supabase.co/rest/v1/transactions?select=%2A&type=eq.income&aktif=eq.True&tarih=gte.2025-06-12&tarih=lte.2025-07-12&order=tarih.desc "HTTP/2 200 OK"
2025-07-12 02:08:01,517 - INFO - HTTP Request: GET https://epydvdcmmupwhpoqmvvj.supabase.co/rest/v1/transactions?select=%2A&type=eq.expense&aktif=eq.True&tarih=gte.2025-06-12&tarih=lte.2025-07-12&order=tarih.desc "HTTP/2 200 OK"
2025-07-12 02:08:01,597 - INFO - HTTP Request: GET https://epydvdcmmupwhpoqmvvj.supabase.co/rest/v1/transactions?select=%2A&type=eq.income&aktif=eq.True&tarih=gte.2025-06-12&tarih=lte.2025-07-12&order=tarih.desc "HTTP/2 200 OK"
2025-07-12 02:08:01,678 - INFO - HTTP Request: GET https://epydvdcmmupwhpoqmvvj.supabase.co/rest/v1/transactions?select=%2A&type=eq.expense&aktif=eq.True&tarih=gte.2025-06-12&tarih=lte.2025-07-12&order=tarih.desc "HTTP/2 200 OK"
2025-07-12 02:08:01,759 - INFO - HTTP Request: GET https://epydvdcmmupwhpoqmvvj.supabase.co/rest/v1/transactions?select=%2A&type=eq.income&aktif=eq.True&tarih=gte.2025-06-12&tarih=lte.2025-07-12&order=tarih.desc "HTTP/2 200 OK"
2025-07-12 02:08:01,838 - INFO - HTTP Request: GET https://epydvdcmmupwhpoqmvvj.supabase.co/rest/v1/transactions?select=%2A&type=eq.expense&aktif=eq.True&tarih=gte.2025-06-12&tarih=lte.2025-07-12&order=tarih.desc "HTTP/2 200 OK"
2025-07-12 02:08:01,913 - INFO - HTTP Request: GET https://epydvdcmmupwhpoqmvvj.supabase.co/rest/v1/transactions?select=%2A&type=eq.income&aktif=eq.True&tarih=gte.2025-06-12&tarih=lte.2025-07-12&order=tarih.desc "HTTP/2 200 OK"
2025-07-12 02:08:01,988 - INFO - HTTP Request: GET https://epydvdcmmupwhpoqmvvj.supabase.co/rest/v1/transactions?select=%2A&type=eq.expense&aktif=eq.True&tarih=gte.2025-06-12&tarih=lte.2025-07-12&order=tarih.desc "HTTP/2 200 OK"
2025-07-12 02:08:02,070 - INFO - HTTP Request: GET https://epydvdcmmupwhpoqmvvj.supabase.co/rest/v1/transactions?select=%2A&type=eq.income&aktif=eq.True&tarih=gte.2025-06-12&tarih=lte.2025-07-12&order=tarih.desc "HTTP/2 200 OK"
2025-07-12 02:08:11,061 - INFO - HTTP Request: DELETE https://epydvdcmmupwhpoqmvvj.supabase.co/rest/v1/imports?id=eq.7 "HTTP/2 200 OK"
2025-07-12 02:08:11,137 - INFO - HTTP Request: GET https://epydvdcmmupwhpoqmvvj.supabase.co/rest/v1/imports?select=%2A "HTTP/2 200 OK"
2025-07-12 02:08:13,061 - INFO - HTTP Request: DELETE https://epydvdcmmupwhpoqmvvj.supabase.co/rest/v1/imports?id=eq.8 "HTTP/2 200 OK"
2025-07-12 02:08:13,136 - INFO - HTTP Request: GET https://epydvdcmmupwhpoqmvvj.supabase.co/rest/v1/imports?select=%2A "HTTP/2 200 OK"
2025-07-12 02:08:17,652 - INFO - HTTP Request: DELETE https://epydvdcmmupwhpoqmvvj.supabase.co/rest/v1/passwords?id=eq.4 "HTTP/2 200 OK"
2025-07-12 02:08:17,732 - INFO - HTTP Request: GET https://epydvdcmmupwhpoqmvvj.supabase.co/rest/v1/passwords?select=%2A "HTTP/2 200 OK"
2025-07-12 02:08:28,432 - INFO - HTTP Request: DELETE https://epydvdcmmupwhpoqmvvj.supabase.co/rest/v1/stock_table?id=eq.12 "HTTP/2 200 OK"
2025-07-12 02:08:28,513 - INFO - HTTP Request: GET https://epydvdcmmupwhpoqmvvj.supabase.co/rest/v1/stock_table?select=%2A&order=urun_adi.asc "HTTP/2 200 OK"
2025-07-12 02:08:30,860 - INFO - HTTP Request: DELETE https://epydvdcmmupwhpoqmvvj.supabase.co/rest/v1/stock_table?id=eq.11 "HTTP/2 200 OK"
2025-07-12 02:08:30,935 - INFO - HTTP Request: GET https://epydvdcmmupwhpoqmvvj.supabase.co/rest/v1/stock_table?select=%2A&order=urun_adi.asc "HTTP/2 200 OK"
2025-07-12 02:08:33,491 - INFO - HTTP Request: DELETE https://epydvdcmmupwhpoqmvvj.supabase.co/rest/v1/stock_table?id=eq.13 "HTTP/2 200 OK"
2025-07-12 02:08:33,569 - INFO - HTTP Request: GET https://epydvdcmmupwhpoqmvvj.supabase.co/rest/v1/stock_table?select=%2A&order=urun_adi.asc "HTTP/2 200 OK"
2025-07-12 02:08:33,645 - INFO - HTTP Request: GET https://epydvdcmmupwhpoqmvvj.supabase.co/rest/v1/stock_table?select=%2A&order=urun_adi.asc "HTTP/2 200 OK"
2026-02-19 16:04:59,308 - INFO - Güncelleme kontrolü baþlatýldý
2026-02-19 16:04:59,687 - ERROR - Sürüm bilgisi getirme iþlemi sýrasýnda hata oluþtu: [Errno 11001] getaddrinfo failed
Traceback (most recent call last):
  File "httpx\_transports\default.py", line 101, in map_httpcore_exceptions
  File "httpx\_transports\default.py", line 250, in handle_request
  File "httpcore\_sync\connection_pool.py", line 256, in handle_request
  File "httpcore\_sync\connection_pool.py", line 236, in handle_request
  File "httpcore\_sync\connection.py", line 101, in handle_request
  File "httpcore\_sync\connection.py", line 78, in handle_request
  File "httpcore\_sync\connection.py", line 124, in _connect
  File "httpcore\_backends\sync.py", line 207, in connect_tcp
  File "contextlib.py", line 162, in __exit__
  File "httpcore\_exceptions.py", line 14, in map_exceptions
httpcore.ConnectError: [Errno 11001] getaddrinfo failed

The above exception was the direct cause of the following exception:

Traceback (most recent call last):
  File "database_manager.py", line 846, in get_latest_version_info
    .execute()
     ~~~~~~~^^
  File "postgrest\_sync\request_builder.py", line 57, in execute
  File "httpx\_client.py", line 825, in request
  File "httpx\_client.py", line 914, in send
  File "httpx\_client.py", line 942, in _send_handling_auth
  File "httpx\_client.py", line 979, in _send_handling_redirects
  File "httpx\_client.py", line 1014, in _send_single_request
  File "httpx\_transports\default.py", line 249, in handle_request
  File "contextlib.py", line 162, in __exit__
  File "httpx\_transports\default.py", line 118, in map_httpcore_exceptions
httpx.ConnectError: [Errno 11001] getaddrinfo failed
2026-02-19 16:05:04,855 - ERROR - Kullanýcý getirme iþlemi sýrasýnda hata oluþtu: [Errno 11001] getaddrinfo failed
Traceback (most recent call last):
  File "httpx\_transports\default.py", line 101, in map_httpcore_exceptions
  File "httpx\_transports\default.py", line 250, in handle_request
  File "httpcore\_sync\connection_pool.py", line 256, in handle_request
  File "httpcore\_sync\connection_pool.py", line 236, in handle_request
  File "httpcore\_sync\connection.py", line 101, in handle_request
  File "httpcore\_sync\connection.py", line 78, in handle_request
  File "httpcore\_sync\connection.py", line 124, in _connect
  File "httpcore\_backends\sync.py", line 207, in connect_tcp
  File "contextlib.py", line 162, in __exit__
  File "httpcore\_exceptions.py", line 14, in map_exceptions
httpcore.ConnectError: [Errno 11001] getaddrinfo failed

The above exception was the direct cause of the following exception:

Traceback (most recent call last):
  File "database_manager.py", line 816, in get_user_by_username
    .execute()
     ~~~~~~~^^
  File "postgrest\_sync\request_builder.py", line 57, in execute
  File "httpx\_client.py", line 825, in request
  File "httpx\_client.py", line 914, in send
  File "httpx\_client.py", line 942, in _send_handling_auth
  File "httpx\_client.py", line 979, in _send_handling_redirects
  File "httpx\_client.py", line 1014, in _send_single_request
  File "httpx\_transports\default.py", line 249, in handle_request
  File "contextlib.py", line 162, in __exit__
  File "httpx\_transports\default.py", line 118, in map_httpcore_exceptions
httpx.ConnectError: [Errno 11001] getaddrinfo failed
